<?xml version="1.0" encoding="UTF-8" ?>
<testsuite tests="6" failures="0" name="de.metanome.algorithms.myoddetector.MyOdDetectorTest" time="0.003" errors="0" skipped="0">
  <properties>
[...]
</properties>
  <testcase classname="de.metanome.algorithms.myoddetector.MyOdDetectorTest" name="testSetTempFileGenerator" time="0.003"/>
  <testcase classname="de.metanome.algorithms.myoddetector.MyOdDetectorTest" name="testExecute" time="0"/>
  <testcase classname="de.metanome.algorithms.myoddetector.MyOdDetectorTest" name="testSetResultReceiverUniqueColumnCombinationResultReceiver" time="0"/>
  <testcase classname="de.metanome.algorithms.myoddetector.MyOdDetectorTest" name="testSetConfigurationValue" time="0"/>
  <testcase classname="de.metanome.algorithms.myoddetector.MyOdDetectorTest" name="testSetResultReceiverFunctionalDependencyResultReceiver" time="0"/>
  <testcase classname="de.metanome.algorithms.myoddetector.MyOdDetectorTest" name="testGetConfigurationRequirements" time="0"/>
</testsuite>